<?xml version="1.0" encoding="UTF-8"?>
<!-- Generated by org.testng.reporters.JUnitXMLReporter -->
<testsuite ignored="0" hostname="DESKTOP-FI8UJG3" failures="0" tests="3" name="Test" time="114.66" errors="0" timestamp="2022-09-29T23:43:30 IST">
  <testcase classname="com.lambdatest.LambdaTest_1" name="EnterAndValidateMessage" time="11.365"/>
  <testcase classname="com.lambdatest.LambdaTest_2" name="HandlingSliderBar" time="35.034"/>
  <testcase classname="com.lambdatest.LambdaTest_3" name="FormFilling" time="21.6"/>
</testsuite> <!-- Test -->
