<?xml version="1.0" encoding="UTF-8"?>
<!-- Generated by org.testng.reporters.JUnitXMLReporter -->
<testsuite ignored="0" hostname="DESKTOP-FI8UJG3" failures="0" tests="3" name="Test" time="96.026" errors="0" timestamp="2022-09-30T13:13:25 IST">
  <testcase classname="com.lambdatest.LambdaTest_1" name="EnterAndValidateMessage" time="12.69"/>
  <testcase classname="com.lambdatest.LambdaTest_2" name="HandlingSliderBar" time="30.696"/>
  <testcase classname="com.lambdatest.LambdaTest_3" name="FormFilling" time="22.698"/>
</testsuite> <!-- Test -->
