<?xml version="1.0" encoding="UTF-8"?>
<!-- Generated by org.testng.reporters.JUnitXMLReporter -->
<testsuite ignored="0" hostname="DESKTOP-FI8UJG3" failures="0" tests="3" name="Chrome Browser Testing" time="95.501" errors="0" timestamp="2022-09-29T23:45:05 IST">
  <testcase classname="com.lambdatest.LambdaTest_1" name="EnterAndValidateMessage" time="13.378"/>
  <testcase classname="com.lambdatest.LambdaTest_2" name="HandlingSliderBar" time="29.484"/>
  <testcase classname="com.lambdatest.LambdaTest_3" name="FormFilling" time="26.061"/>
</testsuite> <!-- Chrome Browser Testing -->
