<?xml version="1.0" encoding="UTF-8"?>
<!-- Generated by org.testng.reporters.JUnitXMLReporter -->
<testsuite ignored="0" hostname="DESKTOP-FI8UJG3" failures="0" tests="3" name="Chrome Browser Testing" time="92.332" errors="0" timestamp="2022-09-30T13:06:56 IST">
  <testcase classname="com.lambdatest.LambdaTest_1" name="EnterAndValidateMessage" time="10.434"/>
  <testcase classname="com.lambdatest.LambdaTest_2" name="HandlingSliderBar" time="25.319"/>
  <testcase classname="com.lambdatest.LambdaTest_3" name="FormFilling" time="21.583"/>
</testsuite> <!-- Chrome Browser Testing -->
