<?xml version="1.0" encoding="UTF-8"?>
<!-- Generated by org.testng.reporters.JUnitXMLReporter -->
<testsuite ignored="0" hostname="DESKTOP-FI8UJG3" failures="0" tests="3" name="Edge Browser Testing" time="100.24" errors="0" timestamp="2022-09-30T00:18:53 IST">
  <testcase classname="com.lambdatest.LambdaTest_1" name="EnterAndValidateMessage" time="11.579"/>
  <testcase classname="com.lambdatest.LambdaTest_2" name="HandlingSliderBar" time="32.277"/>
  <testcase classname="com.lambdatest.LambdaTest_3" name="FormFilling" time="27.766"/>
</testsuite> <!-- Edge Browser Testing -->
