<?xml version="1.0" encoding="UTF-8"?>
<!-- Generated by org.testng.reporters.JUnitXMLReporter -->
<testsuite ignored="0" hostname="DESKTOP-FI8UJG3" failures="0" tests="3" name="Edge Browser Testing" time="97.543" errors="0" timestamp="2022-09-29T23:46:43 IST">
  <testcase classname="com.lambdatest.LambdaTest_1" name="EnterAndValidateMessage" time="12.196"/>
  <testcase classname="com.lambdatest.LambdaTest_2" name="HandlingSliderBar" time="33.588"/>
  <testcase classname="com.lambdatest.LambdaTest_3" name="FormFilling" time="22.704"/>
</testsuite> <!-- Edge Browser Testing -->
