<?xml version="1.0" encoding="UTF-8"?>
<!-- Generated by org.testng.reporters.JUnitXMLReporter -->
<testsuite ignored="0" hostname="DESKTOP-FI8UJG3" failures="0" tests="3" name="Firefox Browser Testing" time="89.144" errors="0" timestamp="2022-09-29T23:48:12 IST">
  <testcase classname="com.lambdatest.LambdaTest_1" name="EnterAndValidateMessage" time="10.878"/>
  <testcase classname="com.lambdatest.LambdaTest_2" name="HandlingSliderBar" time="31.66"/>
  <testcase classname="com.lambdatest.LambdaTest_3" name="FormFilling" time="20.965"/>
</testsuite> <!-- Firefox Browser Testing -->
