<?xml version="1.0" encoding="UTF-8"?>
<!-- Generated by org.testng.reporters.JUnitXMLReporter -->
<testsuite ignored="0" hostname="DESKTOP-FI8UJG3" failures="0" tests="3" name="Internet Explorer Testing" time="94.866" errors="0" timestamp="2022-09-29T23:49:47 IST">
  <testcase classname="com.lambdatest.LambdaTest_1" name="EnterAndValidateMessage" time="10.25"/>
  <testcase classname="com.lambdatest.LambdaTest_2" name="HandlingSliderBar" time="34.988"/>
  <testcase classname="com.lambdatest.LambdaTest_3" name="FormFilling" time="21.562"/>
</testsuite> <!-- Internet Explorer Testing -->
