<?xml version="1.0" encoding="UTF-8"?>
<testng-results ignored="0" total="15" passed="15" failed="0" skipped="0">
  <reporter-output>
  </reporter-output>
  <suite started-at="2022-09-30T00:15:27 IST" name="Suite" finished-at="2022-09-30T00:22:20 IST" duration-ms="412409">
    <groups>
    </groups>
    <test started-at="2022-09-30T00:15:27 IST" name="Chrome Browser Testing" finished-at="2022-09-30T00:17:13 IST" duration-ms="105104">
      <class name="com.lambdatest.LambdaTest_1">
        <test-method is-config="true" signature="setup(java.lang.reflect.Method,org.testng.ITestContext,java.lang.String,java.lang.String,java.lang.String)[pri:0, instance:com.lambdatest.LambdaTest_1@5af97850]" started-at="2022-09-30T00:15:28 IST" name="setup" finished-at="2022-09-30T00:15:38 IST" duration-ms="10307" status="PASS">
          <params>
            <param index="0">
              <value>
                <![CDATA[public void com.lambdatest.LambdaTest_1.EnterAndValidateMessage() throws java.lang.InterruptedException]]>
              </value>
            </param>
            <param index="1">
              <value>
                <![CDATA[org.testng.TestRunner@100d0218]]>
              </value>
            </param>
            <param index="2">
              <value>
                <![CDATA[Chrome]]>
              </value>
            </param>
            <param index="3">
              <value>
                <![CDATA[88.0]]>
              </value>
            </param>
            <param index="4">
              <value>
                <![CDATA[Windows 10]]>
              </value>
            </param>
          </params>
          <reporter-output>
          </reporter-output>
        </test-method> <!-- setup -->
        <test-method signature="EnterAndValidateMessage()[pri:0, instance:com.lambdatest.LambdaTest_1@5af97850]" started-at="2022-09-30T00:15:38 IST" name="EnterAndValidateMessage" finished-at="2022-09-30T00:15:57 IST" duration-ms="19102" status="PASS">
          <reporter-output>
          </reporter-output>
        </test-method> <!-- EnterAndValidateMessage -->
        <test-method is-config="true" signature="tearDown()[pri:0, instance:com.lambdatest.LambdaTest_1@5af97850]" started-at="2022-09-30T00:15:57 IST" name="tearDown" finished-at="2022-09-30T00:15:59 IST" duration-ms="1854" status="PASS">
          <reporter-output>
          </reporter-output>
        </test-method> <!-- tearDown -->
      </class> <!-- com.lambdatest.LambdaTest_1 -->
      <class name="com.lambdatest.LambdaTest_2">
        <test-method is-config="true" signature="setup(java.lang.reflect.Method,org.testng.ITestContext,java.lang.String,java.lang.String,java.lang.String)[pri:0, instance:com.lambdatest.LambdaTest_2@7a52f2a2]" started-at="2022-09-30T00:15:59 IST" name="setup" finished-at="2022-09-30T00:16:06 IST" duration-ms="7648" status="PASS">
          <params>
            <param index="0">
              <value>
                <![CDATA[public void com.lambdatest.LambdaTest_2.HandlingSliderBar() throws java.lang.InterruptedException]]>
              </value>
            </param>
            <param index="1">
              <value>
                <![CDATA[org.testng.TestRunner@100d0218]]>
              </value>
            </param>
            <param index="2">
              <value>
                <![CDATA[Chrome]]>
              </value>
            </param>
            <param index="3">
              <value>
                <![CDATA[88.0]]>
              </value>
            </param>
            <param index="4">
              <value>
                <![CDATA[Windows 10]]>
              </value>
            </param>
          </params>
          <reporter-output>
          </reporter-output>
        </test-method> <!-- setup -->
        <test-method signature="HandlingSliderBar()[pri:0, instance:com.lambdatest.LambdaTest_2@7a52f2a2]" started-at="2022-09-30T00:16:06 IST" name="HandlingSliderBar" finished-at="2022-09-30T00:16:39 IST" duration-ms="32656" status="PASS">
          <reporter-output>
          </reporter-output>
        </test-method> <!-- HandlingSliderBar -->
        <test-method is-config="true" signature="tearDown()[pri:0, instance:com.lambdatest.LambdaTest_2@7a52f2a2]" started-at="2022-09-30T00:16:39 IST" name="tearDown" finished-at="2022-09-30T00:16:41 IST" duration-ms="1905" status="PASS">
          <reporter-output>
          </reporter-output>
        </test-method> <!-- tearDown -->
      </class> <!-- com.lambdatest.LambdaTest_2 -->
      <class name="com.lambdatest.LambdaTest_3">
        <test-method is-config="true" signature="setup(java.lang.reflect.Method,org.testng.ITestContext,java.lang.String,java.lang.String,java.lang.String)[pri:0, instance:com.lambdatest.LambdaTest_3@78047b92]" started-at="2022-09-30T00:16:41 IST" name="setup" finished-at="2022-09-30T00:16:47 IST" duration-ms="5796" status="PASS">
          <params>
            <param index="0">
              <value>
                <![CDATA[public void com.lambdatest.LambdaTest_3.FormFilling() throws java.lang.InterruptedException]]>
              </value>
            </param>
            <param index="1">
              <value>
                <![CDATA[org.testng.TestRunner@100d0218]]>
              </value>
            </param>
            <param index="2">
              <value>
                <![CDATA[Chrome]]>
              </value>
            </param>
            <param index="3">
              <value>
                <![CDATA[88.0]]>
              </value>
            </param>
            <param index="4">
              <value>
                <![CDATA[Windows 10]]>
              </value>
            </param>
          </params>
          <reporter-output>
          </reporter-output>
        </test-method> <!-- setup -->
        <test-method signature="FormFilling()[pri:0, instance:com.lambdatest.LambdaTest_3@78047b92]" started-at="2022-09-30T00:16:47 IST" name="FormFilling" finished-at="2022-09-30T00:17:11 IST" duration-ms="23826" status="PASS">
          <reporter-output>
          </reporter-output>
        </test-method> <!-- FormFilling -->
        <test-method is-config="true" signature="tearDown()[pri:0, instance:com.lambdatest.LambdaTest_3@78047b92]" started-at="2022-09-30T00:17:11 IST" name="tearDown" finished-at="2022-09-30T00:17:13 IST" duration-ms="1898" status="PASS">
          <reporter-output>
          </reporter-output>
        </test-method> <!-- tearDown -->
      </class> <!-- com.lambdatest.LambdaTest_3 -->
    </test> <!-- Chrome Browser Testing -->
    <test started-at="2022-09-30T00:17:13 IST" name="Edge Browser Testing" finished-at="2022-09-30T00:18:53 IST" duration-ms="100240">
      <class name="com.lambdatest.LambdaTest_1">
        <test-method is-config="true" signature="setup(java.lang.reflect.Method,org.testng.ITestContext,java.lang.String,java.lang.String,java.lang.String)[pri:0, instance:com.lambdatest.LambdaTest_1@5bfa9431]" started-at="2022-09-30T00:17:13 IST" name="setup" finished-at="2022-09-30T00:17:20 IST" duration-ms="7241" status="PASS">
          <params>
            <param index="0">
              <value>
                <![CDATA[public void com.lambdatest.LambdaTest_1.EnterAndValidateMessage() throws java.lang.InterruptedException]]>
              </value>
            </param>
            <param index="1">
              <value>
                <![CDATA[org.testng.TestRunner@2774dcf4]]>
              </value>
            </param>
            <param index="2">
              <value>
                <![CDATA[Edge]]>
              </value>
            </param>
            <param index="3">
              <value>
                <![CDATA[88.0]]>
              </value>
            </param>
            <param index="4">
              <value>
                <![CDATA[macOS Sierra]]>
              </value>
            </param>
          </params>
          <reporter-output>
          </reporter-output>
        </test-method> <!-- setup -->
        <test-method signature="EnterAndValidateMessage()[pri:0, instance:com.lambdatest.LambdaTest_1@5bfa9431]" started-at="2022-09-30T00:17:20 IST" name="EnterAndValidateMessage" finished-at="2022-09-30T00:17:32 IST" duration-ms="11579" status="PASS">
          <reporter-output>
          </reporter-output>
        </test-method> <!-- EnterAndValidateMessage -->
        <test-method is-config="true" signature="tearDown()[pri:0, instance:com.lambdatest.LambdaTest_1@5bfa9431]" started-at="2022-09-30T00:17:32 IST" name="tearDown" finished-at="2022-09-30T00:17:34 IST" duration-ms="1951" status="PASS">
          <reporter-output>
          </reporter-output>
        </test-method> <!-- tearDown -->
      </class> <!-- com.lambdatest.LambdaTest_1 -->
      <class name="com.lambdatest.LambdaTest_2">
        <test-method is-config="true" signature="setup(java.lang.reflect.Method,org.testng.ITestContext,java.lang.String,java.lang.String,java.lang.String)[pri:0, instance:com.lambdatest.LambdaTest_2@5db250b4]" started-at="2022-09-30T00:17:34 IST" name="setup" finished-at="2022-09-30T00:17:41 IST" duration-ms="7585" status="PASS">
          <params>
            <param index="0">
              <value>
                <![CDATA[public void com.lambdatest.LambdaTest_2.HandlingSliderBar() throws java.lang.InterruptedException]]>
              </value>
            </param>
            <param index="1">
              <value>
                <![CDATA[org.testng.TestRunner@2774dcf4]]>
              </value>
            </param>
            <param index="2">
              <value>
                <![CDATA[Edge]]>
              </value>
            </param>
            <param index="3">
              <value>
                <![CDATA[88.0]]>
              </value>
            </param>
            <param index="4">
              <value>
                <![CDATA[macOS Sierra]]>
              </value>
            </param>
          </params>
          <reporter-output>
          </reporter-output>
        </test-method> <!-- setup -->
        <test-method signature="HandlingSliderBar()[pri:0, instance:com.lambdatest.LambdaTest_2@5db250b4]" started-at="2022-09-30T00:17:41 IST" name="HandlingSliderBar" finished-at="2022-09-30T00:18:13 IST" duration-ms="32277" status="PASS">
          <reporter-output>
          </reporter-output>
        </test-method> <!-- HandlingSliderBar -->
        <test-method is-config="true" signature="tearDown()[pri:0, instance:com.lambdatest.LambdaTest_2@5db250b4]" started-at="2022-09-30T00:18:13 IST" name="tearDown" finished-at="2022-09-30T00:18:16 IST" duration-ms="2576" status="PASS">
          <reporter-output>
          </reporter-output>
        </test-method> <!-- tearDown -->
      </class> <!-- com.lambdatest.LambdaTest_2 -->
      <class name="com.lambdatest.LambdaTest_3">
        <test-method is-config="true" signature="setup(java.lang.reflect.Method,org.testng.ITestContext,java.lang.String,java.lang.String,java.lang.String)[pri:0, instance:com.lambdatest.LambdaTest_3@223f3642]" started-at="2022-09-30T00:18:16 IST" name="setup" finished-at="2022-09-30T00:18:23 IST" duration-ms="7057" status="PASS">
          <params>
            <param index="0">
              <value>
                <![CDATA[public void com.lambdatest.LambdaTest_3.FormFilling() throws java.lang.InterruptedException]]>
              </value>
            </param>
            <param index="1">
              <value>
                <![CDATA[org.testng.TestRunner@2774dcf4]]>
              </value>
            </param>
            <param index="2">
              <value>
                <![CDATA[Edge]]>
              </value>
            </param>
            <param index="3">
              <value>
                <![CDATA[88.0]]>
              </value>
            </param>
            <param index="4">
              <value>
                <![CDATA[macOS Sierra]]>
              </value>
            </param>
          </params>
          <reporter-output>
          </reporter-output>
        </test-method> <!-- setup -->
        <test-method signature="FormFilling()[pri:0, instance:com.lambdatest.LambdaTest_3@223f3642]" started-at="2022-09-30T00:18:23 IST" name="FormFilling" finished-at="2022-09-30T00:18:51 IST" duration-ms="27766" status="PASS">
          <reporter-output>
          </reporter-output>
        </test-method> <!-- FormFilling -->
        <test-method is-config="true" signature="tearDown()[pri:0, instance:com.lambdatest.LambdaTest_3@223f3642]" started-at="2022-09-30T00:18:51 IST" name="tearDown" finished-at="2022-09-30T00:18:53 IST" duration-ms="2200" status="PASS">
          <reporter-output>
          </reporter-output>
        </test-method> <!-- tearDown -->
      </class> <!-- com.lambdatest.LambdaTest_3 -->
    </test> <!-- Edge Browser Testing -->
    <test started-at="2022-09-30T00:18:53 IST" name="Firefox Browser Testing" finished-at="2022-09-30T00:20:38 IST" duration-ms="105319">
      <class name="com.lambdatest.LambdaTest_1">
        <test-method is-config="true" signature="setup(java.lang.reflect.Method,org.testng.ITestContext,java.lang.String,java.lang.String,java.lang.String)[pri:0, instance:com.lambdatest.LambdaTest_1@233fe9b6]" started-at="2022-09-30T00:18:53 IST" name="setup" finished-at="2022-09-30T00:18:59 IST" duration-ms="5928" status="PASS">
          <params>
            <param index="0">
              <value>
                <![CDATA[public void com.lambdatest.LambdaTest_1.EnterAndValidateMessage() throws java.lang.InterruptedException]]>
              </value>
            </param>
            <param index="1">
              <value>
                <![CDATA[org.testng.TestRunner@20b829d5]]>
              </value>
            </param>
            <param index="2">
              <value>
                <![CDATA[Firefox]]>
              </value>
            </param>
            <param index="3">
              <value>
                <![CDATA[82.0]]>
              </value>
            </param>
            <param index="4">
              <value>
                <![CDATA[Windows 7]]>
              </value>
            </param>
          </params>
          <reporter-output>
          </reporter-output>
        </test-method> <!-- setup -->
        <test-method signature="EnterAndValidateMessage()[pri:0, instance:com.lambdatest.LambdaTest_1@233fe9b6]" started-at="2022-09-30T00:18:59 IST" name="EnterAndValidateMessage" finished-at="2022-09-30T00:19:28 IST" duration-ms="28900" status="PASS">
          <reporter-output>
          </reporter-output>
        </test-method> <!-- EnterAndValidateMessage -->
        <test-method is-config="true" signature="tearDown()[pri:0, instance:com.lambdatest.LambdaTest_1@233fe9b6]" started-at="2022-09-30T00:19:28 IST" name="tearDown" finished-at="2022-09-30T00:19:30 IST" duration-ms="2496" status="PASS">
          <reporter-output>
          </reporter-output>
        </test-method> <!-- tearDown -->
      </class> <!-- com.lambdatest.LambdaTest_1 -->
      <class name="com.lambdatest.LambdaTest_2">
        <test-method is-config="true" signature="setup(java.lang.reflect.Method,org.testng.ITestContext,java.lang.String,java.lang.String,java.lang.String)[pri:0, instance:com.lambdatest.LambdaTest_2@d706f19]" started-at="2022-09-30T00:19:30 IST" name="setup" finished-at="2022-09-30T00:19:36 IST" duration-ms="5979" status="PASS">
          <params>
            <param index="0">
              <value>
                <![CDATA[public void com.lambdatest.LambdaTest_2.HandlingSliderBar() throws java.lang.InterruptedException]]>
              </value>
            </param>
            <param index="1">
              <value>
                <![CDATA[org.testng.TestRunner@20b829d5]]>
              </value>
            </param>
            <param index="2">
              <value>
                <![CDATA[Firefox]]>
              </value>
            </param>
            <param index="3">
              <value>
                <![CDATA[82.0]]>
              </value>
            </param>
            <param index="4">
              <value>
                <![CDATA[Windows 7]]>
              </value>
            </param>
          </params>
          <reporter-output>
          </reporter-output>
        </test-method> <!-- setup -->
        <test-method signature="HandlingSliderBar()[pri:0, instance:com.lambdatest.LambdaTest_2@d706f19]" started-at="2022-09-30T00:19:36 IST" name="HandlingSliderBar" finished-at="2022-09-30T00:20:09 IST" duration-ms="32278" status="PASS">
          <reporter-output>
          </reporter-output>
        </test-method> <!-- HandlingSliderBar -->
        <test-method is-config="true" signature="tearDown()[pri:0, instance:com.lambdatest.LambdaTest_2@d706f19]" started-at="2022-09-30T00:20:09 IST" name="tearDown" finished-at="2022-09-30T00:20:11 IST" duration-ms="2254" status="PASS">
          <reporter-output>
          </reporter-output>
        </test-method> <!-- tearDown -->
      </class> <!-- com.lambdatest.LambdaTest_2 -->
      <class name="com.lambdatest.LambdaTest_3">
        <test-method is-config="true" signature="setup(java.lang.reflect.Method,org.testng.ITestContext,java.lang.String,java.lang.String,java.lang.String)[pri:0, instance:com.lambdatest.LambdaTest_3@30b7c004]" started-at="2022-09-30T00:20:11 IST" name="setup" finished-at="2022-09-30T00:20:17 IST" duration-ms="5903" status="PASS">
          <params>
            <param index="0">
              <value>
                <![CDATA[public void com.lambdatest.LambdaTest_3.FormFilling() throws java.lang.InterruptedException]]>
              </value>
            </param>
            <param index="1">
              <value>
                <![CDATA[org.testng.TestRunner@20b829d5]]>
              </value>
            </param>
            <param index="2">
              <value>
                <![CDATA[Firefox]]>
              </value>
            </param>
            <param index="3">
              <value>
                <![CDATA[82.0]]>
              </value>
            </param>
            <param index="4">
              <value>
                <![CDATA[Windows 7]]>
              </value>
            </param>
          </params>
          <reporter-output>
          </reporter-output>
        </test-method> <!-- setup -->
        <test-method signature="FormFilling()[pri:0, instance:com.lambdatest.LambdaTest_3@30b7c004]" started-at="2022-09-30T00:20:17 IST" name="FormFilling" finished-at="2022-09-30T00:20:36 IST" duration-ms="18945" status="PASS">
          <reporter-output>
          </reporter-output>
        </test-method> <!-- FormFilling -->
        <test-method is-config="true" signature="tearDown()[pri:0, instance:com.lambdatest.LambdaTest_3@30b7c004]" started-at="2022-09-30T00:20:36 IST" name="tearDown" finished-at="2022-09-30T00:20:38 IST" duration-ms="2629" status="PASS">
          <reporter-output>
          </reporter-output>
        </test-method> <!-- tearDown -->
      </class> <!-- com.lambdatest.LambdaTest_3 -->
    </test> <!-- Firefox Browser Testing -->
    <test started-at="2022-09-30T00:20:38 IST" name="Internet Explorer Testing" finished-at="2022-09-30T00:22:20 IST" duration-ms="101459">
      <class name="com.lambdatest.LambdaTest_1">
        <test-method is-config="true" signature="setup(java.lang.reflect.Method,org.testng.ITestContext,java.lang.String,java.lang.String,java.lang.String)[pri:0, instance:com.lambdatest.LambdaTest_1@29176cc1]" started-at="2022-09-30T00:20:38 IST" name="setup" finished-at="2022-09-30T00:20:46 IST" duration-ms="7721" status="PASS">
          <params>
            <param index="0">
              <value>
                <![CDATA[public void com.lambdatest.LambdaTest_1.EnterAndValidateMessage() throws java.lang.InterruptedException]]>
              </value>
            </param>
            <param index="1">
              <value>
                <![CDATA[org.testng.TestRunner@7c5f29c6]]>
              </value>
            </param>
            <param index="2">
              <value>
                <![CDATA[Internet Explorer]]>
              </value>
            </param>
            <param index="3">
              <value>
                <![CDATA[11.0]]>
              </value>
            </param>
            <param index="4">
              <value>
                <![CDATA[Windows 10]]>
              </value>
            </param>
          </params>
          <reporter-output>
          </reporter-output>
        </test-method> <!-- setup -->
        <test-method signature="EnterAndValidateMessage()[pri:0, instance:com.lambdatest.LambdaTest_1@29176cc1]" started-at="2022-09-30T00:20:46 IST" name="EnterAndValidateMessage" finished-at="2022-09-30T00:20:59 IST" duration-ms="12430" status="PASS">
          <reporter-output>
          </reporter-output>
        </test-method> <!-- EnterAndValidateMessage -->
        <test-method is-config="true" signature="tearDown()[pri:0, instance:com.lambdatest.LambdaTest_1@29176cc1]" started-at="2022-09-30T00:20:59 IST" name="tearDown" finished-at="2022-09-30T00:21:00 IST" duration-ms="1758" status="PASS">
          <reporter-output>
          </reporter-output>
        </test-method> <!-- tearDown -->
      </class> <!-- com.lambdatest.LambdaTest_1 -->
      <class name="com.lambdatest.LambdaTest_2">
        <test-method is-config="true" signature="setup(java.lang.reflect.Method,org.testng.ITestContext,java.lang.String,java.lang.String,java.lang.String)[pri:0, instance:com.lambdatest.LambdaTest_2@2f177a4b]" started-at="2022-09-30T00:21:00 IST" name="setup" finished-at="2022-09-30T00:21:07 IST" duration-ms="6997" status="PASS">
          <params>
            <param index="0">
              <value>
                <![CDATA[public void com.lambdatest.LambdaTest_2.HandlingSliderBar() throws java.lang.InterruptedException]]>
              </value>
            </param>
            <param index="1">
              <value>
                <![CDATA[org.testng.TestRunner@7c5f29c6]]>
              </value>
            </param>
            <param index="2">
              <value>
                <![CDATA[Internet Explorer]]>
              </value>
            </param>
            <param index="3">
              <value>
                <![CDATA[11.0]]>
              </value>
            </param>
            <param index="4">
              <value>
                <![CDATA[Windows 10]]>
              </value>
            </param>
          </params>
          <reporter-output>
          </reporter-output>
        </test-method> <!-- setup -->
        <test-method signature="HandlingSliderBar()[pri:0, instance:com.lambdatest.LambdaTest_2@2f177a4b]" started-at="2022-09-30T00:21:07 IST" name="HandlingSliderBar" finished-at="2022-09-30T00:21:43 IST" duration-ms="35426" status="PASS">
          <reporter-output>
          </reporter-output>
        </test-method> <!-- HandlingSliderBar -->
        <test-method is-config="true" signature="tearDown()[pri:0, instance:com.lambdatest.LambdaTest_2@2f177a4b]" started-at="2022-09-30T00:21:43 IST" name="tearDown" finished-at="2022-09-30T00:21:45 IST" duration-ms="1758" status="PASS">
          <reporter-output>
          </reporter-output>
        </test-method> <!-- tearDown -->
      </class> <!-- com.lambdatest.LambdaTest_2 -->
      <class name="com.lambdatest.LambdaTest_3">
        <test-method is-config="true" signature="setup(java.lang.reflect.Method,org.testng.ITestContext,java.lang.String,java.lang.String,java.lang.String)[pri:0, instance:com.lambdatest.LambdaTest_3@4278a03f]" started-at="2022-09-30T00:21:45 IST" name="setup" finished-at="2022-09-30T00:21:53 IST" duration-ms="8500" status="PASS">
          <params>
            <param index="0">
              <value>
                <![CDATA[public void com.lambdatest.LambdaTest_3.FormFilling() throws java.lang.InterruptedException]]>
              </value>
            </param>
            <param index="1">
              <value>
                <![CDATA[org.testng.TestRunner@7c5f29c6]]>
              </value>
            </param>
            <param index="2">
              <value>
                <![CDATA[Internet Explorer]]>
              </value>
            </param>
            <param index="3">
              <value>
                <![CDATA[11.0]]>
              </value>
            </param>
            <param index="4">
              <value>
                <![CDATA[Windows 10]]>
              </value>
            </param>
          </params>
          <reporter-output>
          </reporter-output>
        </test-method> <!-- setup -->
        <test-method signature="FormFilling()[pri:0, instance:com.lambdatest.LambdaTest_3@4278a03f]" started-at="2022-09-30T00:21:53 IST" name="FormFilling" finished-at="2022-09-30T00:22:18 IST" duration-ms="25003" status="PASS">
          <reporter-output>
          </reporter-output>
        </test-method> <!-- FormFilling -->
        <test-method is-config="true" signature="tearDown()[pri:0, instance:com.lambdatest.LambdaTest_3@4278a03f]" started-at="2022-09-30T00:22:18 IST" name="tearDown" finished-at="2022-09-30T00:22:20 IST" duration-ms="1861" status="PASS">
          <reporter-output>
          </reporter-output>
        </test-method> <!-- tearDown -->
      </class> <!-- com.lambdatest.LambdaTest_3 -->
    </test> <!-- Internet Explorer Testing -->
  </suite> <!-- Suite -->
  <suite started-at="2022-09-30T00:22:20 IST" name="parallel Test" finished-at="2022-09-30T00:24:15 IST" duration-ms="114816">
    <groups>
    </groups>
    <test started-at="2022-09-30T00:22:20 IST" name="Test" finished-at="2022-09-30T00:24:15 IST" duration-ms="114816">
      <class name="com.lambdatest.LambdaTest_1">
        <test-method is-config="true" signature="setup(java.lang.reflect.Method,org.testng.ITestContext,java.lang.String,java.lang.String,java.lang.String)[pri:0, instance:com.lambdatest.LambdaTest_1@1fe20588]" started-at="2022-09-30T00:22:20 IST" name="setup" finished-at="2022-09-30T00:22:28 IST" duration-ms="8341" status="PASS">
          <params>
            <param index="0">
              <value>
                <![CDATA[public void com.lambdatest.LambdaTest_1.EnterAndValidateMessage() throws java.lang.InterruptedException]]>
              </value>
            </param>
            <param index="1">
              <value>
                <![CDATA[org.testng.TestRunner@4baf997]]>
              </value>
            </param>
            <param index="2">
              <value>
                <![CDATA[Chrome]]>
              </value>
            </param>
            <param index="3">
              <value>
                <![CDATA[88.0]]>
              </value>
            </param>
            <param index="4">
              <value>
                <![CDATA[Windows 10]]>
              </value>
            </param>
          </params>
          <reporter-output>
          </reporter-output>
        </test-method> <!-- setup -->
        <test-method signature="EnterAndValidateMessage()[pri:0, instance:com.lambdatest.LambdaTest_1@1fe20588]" started-at="2022-09-30T00:22:28 IST" name="EnterAndValidateMessage" finished-at="2022-09-30T00:22:46 IST" duration-ms="17649" status="PASS">
          <reporter-output>
          </reporter-output>
        </test-method> <!-- EnterAndValidateMessage -->
        <test-method is-config="true" signature="tearDown()[pri:0, instance:com.lambdatest.LambdaTest_1@1fe20588]" started-at="2022-09-30T00:22:46 IST" name="tearDown" finished-at="2022-09-30T00:22:48 IST" duration-ms="2124" status="PASS">
          <reporter-output>
          </reporter-output>
        </test-method> <!-- tearDown -->
      </class> <!-- com.lambdatest.LambdaTest_1 -->
      <class name="com.lambdatest.LambdaTest_2">
        <test-method is-config="true" signature="setup(java.lang.reflect.Method,org.testng.ITestContext,java.lang.String,java.lang.String,java.lang.String)[pri:0, instance:com.lambdatest.LambdaTest_2@6ce139a4]" started-at="2022-09-30T00:22:48 IST" name="setup" finished-at="2022-09-30T00:22:54 IST" duration-ms="5774" status="PASS">
          <params>
            <param index="0">
              <value>
                <![CDATA[public void com.lambdatest.LambdaTest_2.HandlingSliderBar() throws java.lang.InterruptedException]]>
              </value>
            </param>
            <param index="1">
              <value>
                <![CDATA[org.testng.TestRunner@4baf997]]>
              </value>
            </param>
            <param index="2">
              <value>
                <![CDATA[Chrome]]>
              </value>
            </param>
            <param index="3">
              <value>
                <![CDATA[88.0]]>
              </value>
            </param>
            <param index="4">
              <value>
                <![CDATA[Windows 10]]>
              </value>
            </param>
          </params>
          <reporter-output>
          </reporter-output>
        </test-method> <!-- setup -->
        <test-method signature="HandlingSliderBar()[pri:0, instance:com.lambdatest.LambdaTest_2@6ce139a4]" started-at="2022-09-30T00:22:54 IST" name="HandlingSliderBar" finished-at="2022-09-30T00:23:27 IST" duration-ms="33588" status="PASS">
          <reporter-output>
          </reporter-output>
        </test-method> <!-- HandlingSliderBar -->
        <test-method is-config="true" signature="tearDown()[pri:0, instance:com.lambdatest.LambdaTest_2@6ce139a4]" started-at="2022-09-30T00:23:27 IST" name="tearDown" finished-at="2022-09-30T00:23:29 IST" duration-ms="1925" status="PASS">
          <reporter-output>
          </reporter-output>
        </test-method> <!-- tearDown -->
      </class> <!-- com.lambdatest.LambdaTest_2 -->
      <class name="com.lambdatest.LambdaTest_3">
        <test-method is-config="true" signature="setup(java.lang.reflect.Method,org.testng.ITestContext,java.lang.String,java.lang.String,java.lang.String)[pri:0, instance:com.lambdatest.LambdaTest_3@6973bf95]" started-at="2022-09-30T00:23:29 IST" name="setup" finished-at="2022-09-30T00:23:51 IST" duration-ms="22117" status="PASS">
          <params>
            <param index="0">
              <value>
                <![CDATA[public void com.lambdatest.LambdaTest_3.FormFilling() throws java.lang.InterruptedException]]>
              </value>
            </param>
            <param index="1">
              <value>
                <![CDATA[org.testng.TestRunner@4baf997]]>
              </value>
            </param>
            <param index="2">
              <value>
                <![CDATA[Chrome]]>
              </value>
            </param>
            <param index="3">
              <value>
                <![CDATA[88.0]]>
              </value>
            </param>
            <param index="4">
              <value>
                <![CDATA[Windows 10]]>
              </value>
            </param>
          </params>
          <reporter-output>
          </reporter-output>
        </test-method> <!-- setup -->
        <test-method signature="FormFilling()[pri:0, instance:com.lambdatest.LambdaTest_3@6973bf95]" started-at="2022-09-30T00:23:51 IST" name="FormFilling" finished-at="2022-09-30T00:24:13 IST" duration-ms="21253" status="PASS">
          <reporter-output>
          </reporter-output>
        </test-method> <!-- FormFilling -->
        <test-method is-config="true" signature="tearDown()[pri:0, instance:com.lambdatest.LambdaTest_3@6973bf95]" started-at="2022-09-30T00:24:13 IST" name="tearDown" finished-at="2022-09-30T00:24:15 IST" duration-ms="2037" status="PASS">
          <reporter-output>
          </reporter-output>
        </test-method> <!-- tearDown -->
      </class> <!-- com.lambdatest.LambdaTest_3 -->
    </test> <!-- Test -->
  </suite> <!-- parallel Test -->
</testng-results>
