<?xml version="1.0" encoding="UTF-8"?>
<!-- Generated by org.testng.reporters.JUnitXMLReporter -->
<testsuite ignored="0" hostname="DESKTOP-FI8UJG3" failures="0" tests="3" name="Edge Browser Testing" time="119.502" errors="0" timestamp="2022-10-01T22:13:03 IST">
  <testcase classname="com.lambdatest.LambdaTest_1" name="EnterAndValidateMessage" time="9.87"/>
  <testcase classname="com.lambdatest.LambdaTest_2" name="HandlingSliderBar" time="45.773"/>
  <testcase classname="com.lambdatest.LambdaTest_3" name="FormFilling" time="19.571"/>
</testsuite> <!-- Edge Browser Testing -->
