<?xml version="1.0" encoding="UTF-8"?>
<!-- Generated by org.testng.reporters.JUnitXMLReporter -->
<testsuite ignored="0" hostname="DESKTOP-FI8UJG3" failures="0" tests="3" name="Firefox Browser Testing" time="234.43" errors="0" timestamp="2022-10-01T22:14:58 IST">
  <testcase classname="com.lambdatest.LambdaTest_1" name="EnterAndValidateMessage" time="9.42"/>
  <testcase classname="com.lambdatest.LambdaTest_2" name="HandlingSliderBar" time="41.913"/>
  <testcase classname="com.lambdatest.LambdaTest_3" name="FormFilling" time="16.382"/>
</testsuite> <!-- Firefox Browser Testing -->
