<?xml version="1.0" encoding="UTF-8"?>
<!-- Generated by org.testng.reporters.JUnitXMLReporter -->
<testsuite ignored="0" hostname="DESKTOP-FI8UJG3" failures="0" tests="3" name="Internet Explorer Testing" time="242.509" errors="0" timestamp="2022-10-01T22:15:06 IST">
  <testcase classname="com.lambdatest.LambdaTest_1" name="EnterAndValidateMessage" time="12.156"/>
  <testcase classname="com.lambdatest.LambdaTest_2" name="HandlingSliderBar" time="56.728"/>
  <testcase classname="com.lambdatest.LambdaTest_3" name="FormFilling" time="23.317"/>
</testsuite> <!-- Internet Explorer Testing -->
