<?xml version="1.0" encoding="UTF-8"?>
<!-- Generated by org.testng.reporters.JUnitXMLReporter -->
<testsuite ignored="0" hostname="DESKTOP-FI8UJG3" failures="0" tests="3" name="parallel testing" time="209.516" errors="0" timestamp="2022-10-01T22:14:33 IST">
  <testcase classname="com.lambdatest.LambdaTest_1" name="EnterAndValidateMessage" time="10.919"/>
  <testcase classname="com.lambdatest.LambdaTest_2" name="HandlingSliderBar" time="44.878"/>
  <testcase classname="com.lambdatest.LambdaTest_3" name="FormFilling" time="20.11"/>
</testsuite> <!-- parallel testing -->
