<?xml version="1.0" encoding="UTF-8"?>
<!-- Generated by org.testng.reporters.JUnitXMLReporter -->
<testsuite ignored="0" hostname="DESKTOP-FI8UJG3" failures="0" tests="3" name="Chrome Browser Testing" time="118.597" errors="0" timestamp="2022-10-01T22:05:03 IST">
  <testcase classname="com.lambdatest.LambdaTest_1" name="EnterAndValidateMessage" time="10.865"/>
  <testcase classname="com.lambdatest.LambdaTest_2" name="HandlingSliderBar" time="50.109"/>
  <testcase classname="com.lambdatest.LambdaTest_3" name="FormFilling" time="24.284"/>
</testsuite> <!-- Chrome Browser Testing -->
