<?xml version="1.0" encoding="UTF-8"?>
<!-- Generated by org.testng.reporters.JUnitXMLReporter -->
<testsuite ignored="0" hostname="DESKTOP-FI8UJG3" failures="0" tests="3" name="Firefox Browser Testing" time="128.389" errors="0" timestamp="2022-10-01T22:09:06 IST">
  <testcase classname="com.lambdatest.LambdaTest_1" name="EnterAndValidateMessage" time="27.52"/>
  <testcase classname="com.lambdatest.LambdaTest_2" name="HandlingSliderBar" time="53.802"/>
  <testcase classname="com.lambdatest.LambdaTest_3" name="FormFilling" time="18.94"/>
</testsuite> <!-- Firefox Browser Testing -->
