<?xml version="1.0" encoding="UTF-8"?>
<!-- Generated by org.testng.reporters.JUnitXMLReporter -->
<testsuite ignored="0" hostname="DESKTOP-FI8UJG3" failures="0" tests="3" name="Internet Explorer Testing" time="117.689" errors="0" timestamp="2022-10-01T22:11:04 IST">
  <testcase classname="com.lambdatest.LambdaTest_1" name="EnterAndValidateMessage" time="10.659"/>
  <testcase classname="com.lambdatest.LambdaTest_2" name="HandlingSliderBar" time="59.049"/>
  <testcase classname="com.lambdatest.LambdaTest_3" name="FormFilling" time="20.181"/>
</testsuite> <!-- Internet Explorer Testing -->
